<?xml version="1.0" encoding="UTF-8"?>
<testng-results skipped="0" failed="0" total="3" passed="3">
  <reporter-output>
  </reporter-output>
  <suite name="SuiteMaven" duration-ms="43" started-at="2020-11-20T06:31:05Z" finished-at="2020-11-20T06:31:05Z">
    <groups>
    </groups>
    <test name="TestMaven" duration-ms="43" started-at="2020-11-20T06:31:05Z" finished-at="2020-11-20T06:31:05Z">
      <class name="package2.TestCase2">
        <test-method status="PASS" signature="test2()[pri:0, instance:package2.TestCase2@17d99928]" name="test2" duration-ms="2" started-at="2020-11-20T12:01:05Z" finished-at="2020-11-20T12:01:05Z">
          <reporter-output>
          </reporter-output>
        </test-method> <!-- test2 -->
      </class> <!-- package2.TestCase2 -->
      <class name="package2.TestCase3">
        <test-method status="PASS" signature="test3()[pri:0, instance:package2.TestCase3@3aa9e816]" name="test3" duration-ms="1" started-at="2020-11-20T12:01:05Z" finished-at="2020-11-20T12:01:05Z">
          <reporter-output>
          </reporter-output>
        </test-method> <!-- test3 -->
      </class> <!-- package2.TestCase3 -->
      <class name="package1.TestCase1">
        <test-method status="PASS" signature="test1()[pri:0, instance:package1.TestCase1@34033bd0]" name="test1" duration-ms="15" started-at="2020-11-20T12:01:05Z" finished-at="2020-11-20T12:01:05Z">
          <reporter-output>
          </reporter-output>
        </test-method> <!-- test1 -->
      </class> <!-- package1.TestCase1 -->
    </test> <!-- TestMaven -->
  </suite> <!-- SuiteMaven -->
</testng-results>
